2023-05-11T12:53:00+00:00 CRITICAL Uncaught Error: Call to a member function get_stock_quantity() on null in C:\Projects\narmok\APP\narmok\wp-content\themes\electro-child\functions.php:18
Stack trace:
#0 C:\Projects\narmok\APP\narmok\wp-includes\class-wp-hook.php(308): barprice_product_items('<div class="woo...')
#1 C:\Projects\narmok\APP\narmok\wp-includes\plugin.php(205): WP_Hook->apply_filters('<div class="woo...', Array)
#2 C:\Projects\narmok\APP\narmok\wp-content\themes\electro\inc\structure\homepage.php(188): apply_filters('electro_product...', '<div class="woo...')
#3 C:\Projects\narmok\APP\narmok\wp-content\themes\electro\inc\template-tags\homepages\home-v1.php(383): electro_products_carousel(Array, Array)
#4 C:\Projects\narmok\APP\narmok\wp-includes\class-wp-hook.php(308): electro_home_v1_products_carousel('')
#5 C:\Projects\narmok\APP\narmok\wp-includes\class-wp-hook.php(332): WP_Hook->apply_filters(NULL, Array)
#6 C:\Projects\narmok\APP\narmok\wp-includes\plugin.php(517): WP_Hook->do_action(Array)
#7 C:\Projects\narmok\APP\narmok\wp in C:\Projects\narmok\APP\narmok\wp-content\themes\electro-child\functions.php on line 18

2023-05-11T12:53:02+00:00 CRITICAL Uncaught Error: Call to a member function get_stock_quantity() on null in C:\Projects\narmok\APP\narmok\wp-content\themes\electro-child\functions.php:18
Stack trace:
#0 C:\Projects\narmok\APP\narmok\wp-includes\class-wp-hook.php(308): barprice_product_items('<div class="woo...')
#1 C:\Projects\narmok\APP\narmok\wp-includes\plugin.php(205): WP_Hook->apply_filters('<div class="woo...', Array)
#2 C:\Projects\narmok\APP\narmok\wp-content\themes\electro\inc\structure\homepage.php(188): apply_filters('electro_product...', '<div class="woo...')
#3 C:\Projects\narmok\APP\narmok\wp-content\themes\electro\inc\template-tags\homepages\home-v1.php(383): electro_products_carousel(Array, Array)
#4 C:\Projects\narmok\APP\narmok\wp-includes\class-wp-hook.php(308): electro_home_v1_products_carousel('')
#5 C:\Projects\narmok\APP\narmok\wp-includes\class-wp-hook.php(332): WP_Hook->apply_filters(NULL, Array)
#6 C:\Projects\narmok\APP\narmok\wp-includes\plugin.php(517): WP_Hook->do_action(Array)
#7 C:\Projects\narmok\APP\narmok\wp in C:\Projects\narmok\APP\narmok\wp-content\themes\electro-child\functions.php on line 18

2023-05-11T12:53:29+00:00 CRITICAL Uncaught Error: Call to a member function get_stock_quantity() on null in C:\Projects\narmok\APP\narmok\wp-content\themes\electro-child\functions.php:18
Stack trace:
#0 C:\Projects\narmok\APP\narmok\wp-includes\class-wp-hook.php(308): barprice_product_items('<div class="woo...')
#1 C:\Projects\narmok\APP\narmok\wp-includes\plugin.php(205): WP_Hook->apply_filters('<div class="woo...', Array)
#2 C:\Projects\narmok\APP\narmok\wp-content\themes\electro\inc\structure\homepage.php(188): apply_filters('electro_product...', '<div class="woo...')
#3 C:\Projects\narmok\APP\narmok\wp-content\themes\electro\inc\template-tags\homepages\home-v1.php(383): electro_products_carousel(Array, Array)
#4 C:\Projects\narmok\APP\narmok\wp-includes\class-wp-hook.php(308): electro_home_v1_products_carousel('')
#5 C:\Projects\narmok\APP\narmok\wp-includes\class-wp-hook.php(332): WP_Hook->apply_filters(NULL, Array)
#6 C:\Projects\narmok\APP\narmok\wp-includes\plugin.php(517): WP_Hook->do_action(Array)
#7 C:\Projects\narmok\APP\narmok\wp in C:\Projects\narmok\APP\narmok\wp-content\themes\electro-child\functions.php on line 18

2023-05-11T12:53:30+00:00 CRITICAL Uncaught Error: Call to a member function get_stock_quantity() on null in C:\Projects\narmok\APP\narmok\wp-content\themes\electro-child\functions.php:18
Stack trace:
#0 C:\Projects\narmok\APP\narmok\wp-includes\class-wp-hook.php(308): barprice_product_items('<div class="woo...')
#1 C:\Projects\narmok\APP\narmok\wp-includes\plugin.php(205): WP_Hook->apply_filters('<div class="woo...', Array)
#2 C:\Projects\narmok\APP\narmok\wp-content\themes\electro\inc\structure\homepage.php(188): apply_filters('electro_product...', '<div class="woo...')
#3 C:\Projects\narmok\APP\narmok\wp-content\themes\electro\inc\template-tags\homepages\home-v1.php(383): electro_products_carousel(Array, Array)
#4 C:\Projects\narmok\APP\narmok\wp-includes\class-wp-hook.php(308): electro_home_v1_products_carousel('')
#5 C:\Projects\narmok\APP\narmok\wp-includes\class-wp-hook.php(332): WP_Hook->apply_filters(NULL, Array)
#6 C:\Projects\narmok\APP\narmok\wp-includes\plugin.php(517): WP_Hook->do_action(Array)
#7 C:\Projects\narmok\APP\narmok\wp in C:\Projects\narmok\APP\narmok\wp-content\themes\electro-child\functions.php on line 18

2023-05-11T12:53:32+00:00 CRITICAL Uncaught Error: Call to a member function get_stock_quantity() on null in C:\Projects\narmok\APP\narmok\wp-content\themes\electro-child\functions.php:18
Stack trace:
#0 C:\Projects\narmok\APP\narmok\wp-includes\class-wp-hook.php(308): barprice_product_items('<div class="woo...')
#1 C:\Projects\narmok\APP\narmok\wp-includes\plugin.php(205): WP_Hook->apply_filters('<div class="woo...', Array)
#2 C:\Projects\narmok\APP\narmok\wp-content\themes\electro\inc\structure\homepage.php(188): apply_filters('electro_product...', '<div class="woo...')
#3 C:\Projects\narmok\APP\narmok\wp-content\themes\electro\inc\template-tags\homepages\home-v1.php(383): electro_products_carousel(Array, Array)
#4 C:\Projects\narmok\APP\narmok\wp-includes\class-wp-hook.php(308): electro_home_v1_products_carousel('')
#5 C:\Projects\narmok\APP\narmok\wp-includes\class-wp-hook.php(332): WP_Hook->apply_filters(NULL, Array)
#6 C:\Projects\narmok\APP\narmok\wp-includes\plugin.php(517): WP_Hook->do_action(Array)
#7 C:\Projects\narmok\APP\narmok\wp in C:\Projects\narmok\APP\narmok\wp-content\themes\electro-child\functions.php on line 18

2023-05-11T12:53:33+00:00 CRITICAL Uncaught Error: Call to a member function get_stock_quantity() on null in C:\Projects\narmok\APP\narmok\wp-content\themes\electro-child\functions.php:18
Stack trace:
#0 C:\Projects\narmok\APP\narmok\wp-includes\class-wp-hook.php(308): barprice_product_items('<div class="woo...')
#1 C:\Projects\narmok\APP\narmok\wp-includes\plugin.php(205): WP_Hook->apply_filters('<div class="woo...', Array)
#2 C:\Projects\narmok\APP\narmok\wp-content\themes\electro\inc\structure\homepage.php(188): apply_filters('electro_product...', '<div class="woo...')
#3 C:\Projects\narmok\APP\narmok\wp-content\themes\electro\inc\template-tags\homepages\home-v1.php(383): electro_products_carousel(Array, Array)
#4 C:\Projects\narmok\APP\narmok\wp-includes\class-wp-hook.php(308): electro_home_v1_products_carousel('')
#5 C:\Projects\narmok\APP\narmok\wp-includes\class-wp-hook.php(332): WP_Hook->apply_filters(NULL, Array)
#6 C:\Projects\narmok\APP\narmok\wp-includes\plugin.php(517): WP_Hook->do_action(Array)
#7 C:\Projects\narmok\APP\narmok\wp in C:\Projects\narmok\APP\narmok\wp-content\themes\electro-child\functions.php on line 18

2023-05-11T13:47:56+00:00 CRITICAL Uncaught Error: Call to a member function get_stock_quantity() on null in C:\Projects\narmok\APP\narmok\wp-content\themes\electro-child\functions.php:18
Stack trace:
#0 C:\Projects\narmok\APP\narmok\wp-includes\class-wp-hook.php(308): barprice_product_items('<div class="woo...')
#1 C:\Projects\narmok\APP\narmok\wp-includes\plugin.php(205): WP_Hook->apply_filters('<div class="woo...', Array)
#2 C:\Projects\narmok\APP\narmok\wp-content\themes\electro\inc\structure\homepage.php(188): apply_filters('electro_product...', '<div class="woo...')
#3 C:\Projects\narmok\APP\narmok\wp-content\themes\electro\inc\template-tags\homepages\home-v1.php(383): electro_products_carousel(Array, Array)
#4 C:\Projects\narmok\APP\narmok\wp-includes\class-wp-hook.php(308): electro_home_v1_products_carousel('')
#5 C:\Projects\narmok\APP\narmok\wp-includes\class-wp-hook.php(332): WP_Hook->apply_filters(NULL, Array)
#6 C:\Projects\narmok\APP\narmok\wp-includes\plugin.php(517): WP_Hook->do_action(Array)
#7 C:\Projects\narmok\APP\narmok\wp in C:\Projects\narmok\APP\narmok\wp-content\themes\electro-child\functions.php on line 18

2023-05-11T14:31:27+00:00 CRITICAL Uncaught Error: Call to a member function get_stock_quantity() on null in C:\Projects\narmok\APP\narmok\wp-content\themes\electro-child\functions.php:18
Stack trace:
#0 C:\Projects\narmok\APP\narmok\wp-includes\class-wp-hook.php(308): barprice_product_items('<div class="woo...')
#1 C:\Projects\narmok\APP\narmok\wp-includes\plugin.php(205): WP_Hook->apply_filters('<div class="woo...', Array)
#2 C:\Projects\narmok\APP\narmok\wp-content\themes\electro\inc\structure\homepage.php(188): apply_filters('electro_product...', '<div class="woo...')
#3 C:\Projects\narmok\APP\narmok\wp-content\themes\electro\inc\template-tags\homepages\home-v1.php(383): electro_products_carousel(Array, Array)
#4 C:\Projects\narmok\APP\narmok\wp-includes\class-wp-hook.php(308): electro_home_v1_products_carousel('')
#5 C:\Projects\narmok\APP\narmok\wp-includes\class-wp-hook.php(332): WP_Hook->apply_filters(NULL, Array)
#6 C:\Projects\narmok\APP\narmok\wp-includes\plugin.php(517): WP_Hook->do_action(Array)
#7 C:\Projects\narmok\APP\narmok\wp in C:\Projects\narmok\APP\narmok\wp-content\themes\electro-child\functions.php on line 18

2023-05-11T14:31:29+00:00 CRITICAL Uncaught Error: Call to a member function get_stock_quantity() on null in C:\Projects\narmok\APP\narmok\wp-content\themes\electro-child\functions.php:18
Stack trace:
#0 C:\Projects\narmok\APP\narmok\wp-includes\class-wp-hook.php(308): barprice_product_items('<div class="woo...')
#1 C:\Projects\narmok\APP\narmok\wp-includes\plugin.php(205): WP_Hook->apply_filters('<div class="woo...', Array)
#2 C:\Projects\narmok\APP\narmok\wp-content\themes\electro\inc\structure\homepage.php(188): apply_filters('electro_product...', '<div class="woo...')
#3 C:\Projects\narmok\APP\narmok\wp-content\themes\electro\inc\template-tags\homepages\home-v1.php(383): electro_products_carousel(Array, Array)
#4 C:\Projects\narmok\APP\narmok\wp-includes\class-wp-hook.php(308): electro_home_v1_products_carousel('')
#5 C:\Projects\narmok\APP\narmok\wp-includes\class-wp-hook.php(332): WP_Hook->apply_filters(NULL, Array)
#6 C:\Projects\narmok\APP\narmok\wp-includes\plugin.php(517): WP_Hook->do_action(Array)
#7 C:\Projects\narmok\APP\narmok\wp in C:\Projects\narmok\APP\narmok\wp-content\themes\electro-child\functions.php on line 18

2023-05-11T15:05:49+00:00 CRITICAL Uncaught Error: Call to a member function get_stock_quantity() on null in C:\Projects\narmok\APP\narmok\wp-content\themes\electro-child\functions.php:18
Stack trace:
#0 C:\Projects\narmok\APP\narmok\wp-includes\class-wp-hook.php(308): barprice_product_items('<div class="woo...')
#1 C:\Projects\narmok\APP\narmok\wp-includes\plugin.php(205): WP_Hook->apply_filters('<div class="woo...', Array)
#2 C:\Projects\narmok\APP\narmok\wp-content\themes\electro\inc\structure\homepage.php(188): apply_filters('electro_product...', '<div class="woo...')
#3 C:\Projects\narmok\APP\narmok\wp-content\themes\electro\inc\template-tags\homepages\home-v1.php(383): electro_products_carousel(Array, Array)
#4 C:\Projects\narmok\APP\narmok\wp-includes\class-wp-hook.php(308): electro_home_v1_products_carousel('')
#5 C:\Projects\narmok\APP\narmok\wp-includes\class-wp-hook.php(332): WP_Hook->apply_filters(NULL, Array)
#6 C:\Projects\narmok\APP\narmok\wp-includes\plugin.php(517): WP_Hook->do_action(Array)
#7 C:\Projects\narmok\APP\narmok\wp in C:\Projects\narmok\APP\narmok\wp-content\themes\electro-child\functions.php on line 18

2023-05-11T15:06:12+00:00 CRITICAL Uncaught Error: Call to a member function get_stock_quantity() on null in C:\Projects\narmok\APP\narmok\wp-content\themes\electro-child\functions.php:18
Stack trace:
#0 C:\Projects\narmok\APP\narmok\wp-includes\class-wp-hook.php(308): barprice_product_items('<div class="woo...')
#1 C:\Projects\narmok\APP\narmok\wp-includes\plugin.php(205): WP_Hook->apply_filters('<div class="woo...', Array)
#2 C:\Projects\narmok\APP\narmok\wp-content\themes\electro\inc\structure\homepage.php(188): apply_filters('electro_product...', '<div class="woo...')
#3 C:\Projects\narmok\APP\narmok\wp-content\themes\electro\templates\homepage\products-carousel-tabs-v2.php(83): electro_products_carousel(Array, Array)
#4 C:\Projects\narmok\APP\narmok\wp-content\themes\electro\inc\functions\extras.php(93): include('C:\\Projects\\nar...')
#5 C:\Projects\narmok\APP\narmok\wp-content\themes\electro\inc\structure\homepage.php(1441): electro_get_template('homepage/produc...', Array)
#6 C:\Projects\narmok\APP\narmok\wp-content\plugins\electro-ext in C:\Projects\narmok\APP\narmok\wp-content\themes\electro-child\functions.php on line 18

2023-05-11T15:07:35+00:00 CRITICAL syntax error, unexpected '$stock_left' (T_VARIABLE) in C:\Projects\narmok\APP\narmok\wp-content\themes\electro-child\functions.php on line 20

2023-05-11T15:07:36+00:00 CRITICAL syntax error, unexpected '$stock_left' (T_VARIABLE) in C:\Projects\narmok\APP\narmok\wp-content\themes\electro-child\functions.php on line 20

2023-05-11T15:08:03+00:00 CRITICAL Uncaught Error: Call to a member function get_stock_quantity() on null in C:\Projects\narmok\APP\narmok\wp-content\themes\electro-child\functions.php:19
Stack trace:
#0 C:\Projects\narmok\APP\narmok\wp-includes\class-wp-hook.php(308): barprice_product_items('<div class="woo...')
#1 C:\Projects\narmok\APP\narmok\wp-includes\plugin.php(205): WP_Hook->apply_filters('<div class="woo...', Array)
#2 C:\Projects\narmok\APP\narmok\wp-content\themes\electro\inc\structure\homepage.php(188): apply_filters('electro_product...', '<div class="woo...')
#3 C:\Projects\narmok\APP\narmok\wp-content\themes\electro\templates\homepage\products-carousel-tabs-v2.php(83): electro_products_carousel(Array, Array)
#4 C:\Projects\narmok\APP\narmok\wp-content\themes\electro\inc\functions\extras.php(93): include('C:\\Projects\\nar...')
#5 C:\Projects\narmok\APP\narmok\wp-content\themes\electro\inc\structure\homepage.php(1441): electro_get_template('homepage/produc...', Array)
#6 C:\Projects\narmok\APP\narmok\wp-content\plugins\electro-ext in C:\Projects\narmok\APP\narmok\wp-content\themes\electro-child\functions.php on line 19

2023-05-11T15:10:04+00:00 CRITICAL Uncaught Error: Call to a member function get_stock_quantity() on null in C:\Projects\narmok\APP\narmok\wp-content\themes\electro-child\functions.php:18
Stack trace:
#0 C:\Projects\narmok\APP\narmok\wp-includes\class-wp-hook.php(308): barprice_product_items('<div class="woo...')
#1 C:\Projects\narmok\APP\narmok\wp-includes\plugin.php(205): WP_Hook->apply_filters('<div class="woo...', Array)
#2 C:\Projects\narmok\APP\narmok\wp-content\themes\electro\inc\structure\homepage.php(188): apply_filters('electro_product...', '<div class="woo...')
#3 C:\Projects\narmok\APP\narmok\wp-content\themes\electro\templates\homepage\products-carousel-tabs-v2.php(83): electro_products_carousel(Array, Array)
#4 C:\Projects\narmok\APP\narmok\wp-content\themes\electro\inc\functions\extras.php(93): include('C:\\Projects\\nar...')
#5 C:\Projects\narmok\APP\narmok\wp-content\themes\electro\inc\structure\homepage.php(1441): electro_get_template('homepage/produc...', Array)
#6 C:\Projects\narmok\APP\narmok\wp-content\plugins\electro-ext in C:\Projects\narmok\APP\narmok\wp-content\themes\electro-child\functions.php on line 18

